[22:09:59.286] Global cache location '/home/sewdohe/.cache/typescript/4.8', safe file path '/home/sewdohe/.nvm/versions/node/v16.16.0/lib/node_modules/typescript/lib/typingSafeList.json', types map path /home/sewdohe/.nvm/versions/node/v16.16.0/lib/node_modules/typescript/lib/typesMap.json
[22:09:59.287] Processing cache location '/home/sewdohe/.cache/typescript/4.8'
[22:09:59.287] Trying to find '/home/sewdohe/.cache/typescript/4.8/package.json'...
[22:09:59.290] Loaded content of '/home/sewdohe/.cache/typescript/4.8/package.json': {"private":true,"dependencies":{"types-registry":"^0.1.613"},"devDependencies":{"@types/bootstrap":"^5.2.5","@types/eslint":"^8.4.6","@types/gray-percentage":"^2.0.0","@types/node":"^18.7.17","@types/object-assign":"^4.0.30","@types/prop-types":"^15.7.5","@types/react":"^18.0.21","@types/react-dom":"^18.0.6","@types/react-helmet":"^6.1.5","@types/styled-components":"^5.1.26","@types/typography":"^0.16.4","@types/typography-breakpoint-constants":"^0.16.0"}}
[22:09:59.290] Loaded content of '/home/sewdohe/.cache/typescript/4.8/package-lock.json'
[22:09:59.304] Adding entry into typings cache: 'bootstrap' => '/home/sewdohe/.cache/typescript/4.8/node_modules/@types/bootstrap/index.d.ts'
[22:09:59.308] Adding entry into typings cache: 'eslint' => '/home/sewdohe/.cache/typescript/4.8/node_modules/@types/eslint/index.d.ts'
[22:09:59.310] Adding entry into typings cache: 'gray-percentage' => '/home/sewdohe/.cache/typescript/4.8/node_modules/@types/gray-percentage/index.d.ts'
[22:09:59.317] Adding entry into typings cache: 'node' => '/home/sewdohe/.cache/typescript/4.8/node_modules/@types/node/index.d.ts'
[22:09:59.318] Adding entry into typings cache: 'object-assign' => '/home/sewdohe/.cache/typescript/4.8/node_modules/@types/object-assign/index.d.ts'
[22:09:59.320] Adding entry into typings cache: 'prop-types' => '/home/sewdohe/.cache/typescript/4.8/node_modules/@types/prop-types/index.d.ts'
[22:09:59.326] Adding entry into typings cache: 'react' => '/home/sewdohe/.cache/typescript/4.8/node_modules/@types/react/index.d.ts'
[22:09:59.329] Adding entry into typings cache: 'react-dom' => '/home/sewdohe/.cache/typescript/4.8/node_modules/@types/react-dom/index.d.ts'
[22:09:59.331] Adding entry into typings cache: 'react-helmet' => '/home/sewdohe/.cache/typescript/4.8/node_modules/@types/react-helmet/index.d.ts'
[22:09:59.333] Adding entry into typings cache: 'styled-components' => '/home/sewdohe/.cache/typescript/4.8/node_modules/@types/styled-components/index.d.ts'
[22:09:59.335] Adding entry into typings cache: 'typography' => '/home/sewdohe/.cache/typescript/4.8/node_modules/@types/typography/index.d.ts'
[22:09:59.336] Adding entry into typings cache: 'typography-breakpoint-constants' => '/home/sewdohe/.cache/typescript/4.8/node_modules/@types/typography-breakpoint-constants/index.d.ts'
[22:09:59.336] Finished processing cache location '/home/sewdohe/.cache/typescript/4.8'
[22:09:59.336] Process id: 28584
[22:09:59.336] NPM location: /home/sewdohe/.nvm/versions/node/v16.16.0/bin/npm (explicit '--npmLocation' not  provided)
[22:09:59.336] validateDefaultNpmLocation: false
[22:09:59.337] Npm config file: /home/sewdohe/.cache/typescript/4.8/package.json
[22:09:59.337] Updating types-registry npm package...
[22:09:59.337] Exec: /home/sewdohe/.nvm/versions/node/v16.16.0/bin/npm install --ignore-scripts types-registry@latest
[22:10:00.386]     Succeeded. stdout:
    
    changed 1 package, and audited 22 packages in 713ms

1 package is looking for funding
  run `npm fund` for details

found 0 vulnerabilities

[22:10:00.387] Updated types-registry npm package
[22:10:11.500] Got install request {"projectName":"/dev/null/inferredProject1*","fileNames":["/home/sewdohe/.nvm/versions/node/v16.16.0/lib/node_modules/typescript/lib/lib.es5.d.ts","/home/sewdohe/.nvm/versions/node/v16.16.0/lib/node_modules/typescript/lib/lib.es2015.d.ts","/home/sewdohe/.nvm/versions/node/v16.16.0/lib/node_modules/typescript/lib/lib.es2016.d.ts","/home/sewdohe/.nvm/versions/node/v16.16.0/lib/node_modules/typescript/lib/lib.dom.d.ts","/home/sewdohe/.nvm/versions/node/v16.16.0/lib/node_modules/typescript/lib/lib.dom.iterable.d.ts","/home/sewdohe/.nvm/versions/node/v16.16.0/lib/node_modules/typescript/lib/lib.webworker.importscripts.d.ts","/home/sewdohe/.nvm/versions/node/v16.16.0/lib/node_modules/typescript/lib/lib.scripthost.d.ts","/home/sewdohe/.nvm/versions/node/v16.16.0/lib/node_modules/typescript/lib/lib.es2015.core.d.ts","/home/sewdohe/.nvm/versions/node/v16.16.0/lib/node_modules/typescript/lib/lib.es2015.collection.d.ts","/home/sewdohe/.nvm/versions/node/v16.16.0/lib/node_modules/typescript/lib/lib.es2015.generator.d.ts","/home/sewdohe/.nvm/versions/node/v16.16.0/lib/node_modules/typescript/lib/lib.es2015.iterable.d.ts","/home/sewdohe/.nvm/versions/node/v16.16.0/lib/node_modules/typescript/lib/lib.es2015.promise.d.ts","/home/sewdohe/.nvm/versions/node/v16.16.0/lib/node_modules/typescript/lib/lib.es2015.proxy.d.ts","/home/sewdohe/.nvm/versions/node/v16.16.0/lib/node_modules/typescript/lib/lib.es2015.reflect.d.ts","/home/sewdohe/.nvm/versions/node/v16.16.0/lib/node_modules/typescript/lib/lib.es2015.symbol.d.ts","/home/sewdohe/.nvm/versions/node/v16.16.0/lib/node_modules/typescript/lib/lib.es2015.symbol.wellknown.d.ts","/home/sewdohe/.nvm/versions/node/v16.16.0/lib/node_modules/typescript/lib/lib.es2016.array.include.d.ts","/home/sewdohe/.nvm/versions/node/v16.16.0/lib/node_modules/typescript/lib/lib.es2016.full.d.ts","/home/sewdohe/Code/DariiWholesales/src/components/Firebase.js","/home/sewdohe/Code/DariiWholesales/src/components/AuthContext.js"],"compilerOptions":{"module":1,"target":3,"jsx":1,"allowJs":true,"allowSyntheticDefaultImports":true,"allowNonTsExtensions":true,"noEmitForJsFiles":true,"maxNodeModuleJsDepth":2},"typeAcquisition":{"enable":true,"include":[],"exclude":[]},"unresolvedImports":[],"projectRootPath":"/home/sewdohe/Code/DariiWholesales/src/components","kind":"discover"}
[22:10:11.518] Loaded safelist from types map file '/home/sewdohe/.nvm/versions/node/v16.16.0/lib/node_modules/typescript/lib/typesMap.json'
[22:10:11.518] Explicitly included types: []
[22:10:11.519] Inferred typings from unresolved imports: []
[22:10:11.519] Result: {"cachedTypingPaths":[],"newTypingNames":[],"filesToWatch":["/home/sewdohe/Code/DariiWholesales/src/components/bower_components","/home/sewdohe/Code/DariiWholesales/src/components/node_modules"]}
[22:10:11.519] Finished typings discovery: {"cachedTypingPaths":[],"newTypingNames":[],"filesToWatch":["/home/sewdohe/Code/DariiWholesales/src/components/bower_components","/home/sewdohe/Code/DariiWholesales/src/components/node_modules"]}
[22:10:11.519] DirectoryWatcher:: Added:: WatchInfo: /home/sewdohe/Code/DariiWholesales/src/components/bower_components
[22:10:11.520] DirectoryWatcher:: Added:: WatchInfo: /home/sewdohe/Code/DariiWholesales/src/components/bower_components 1 undefined Project: /dev/null/inferredProject1* watcher already invoked: false
[22:10:11.521] Elapsed:: 1.5098550003021955ms DirectoryWatcher:: Added:: WatchInfo: /home/sewdohe/Code/DariiWholesales/src/components/bower_components 1 undefined Project: /dev/null/inferredProject1* watcher already invoked: false
[22:10:11.521] DirectoryWatcher:: Added:: WatchInfo: /home/sewdohe/Code/DariiWholesales/src/components/node_modules
[22:10:11.521] DirectoryWatcher:: Added:: WatchInfo: /home/sewdohe/Code/DariiWholesales/src/components/node_modules 1 undefined Project: /dev/null/inferredProject1* watcher already invoked: false
[22:10:11.522] Elapsed:: 0.0995970000512898ms DirectoryWatcher:: Added:: WatchInfo: /home/sewdohe/Code/DariiWholesales/src/components/node_modules 1 undefined Project: /dev/null/inferredProject1* watcher already invoked: false
[22:10:11.522] Sending response:
    {"projectName":"/dev/null/inferredProject1*","typeAcquisition":{"enable":true,"include":[],"exclude":[]},"compilerOptions":{"module":1,"target":3,"jsx":1,"allowJs":true,"allowSyntheticDefaultImports":true,"allowNonTsExtensions":true,"noEmitForJsFiles":true,"maxNodeModuleJsDepth":2},"typings":[],"unresolvedImports":[],"kind":"action::set"}
[22:10:11.522] Response has been sent.
[22:10:11.522] No new typings were requested as a result of typings discovery
