[12:47:33.327] Global cache location '/home/sewdohe/.cache/typescript/4.8', safe file path '/home/sewdohe/.nvm/versions/node/v16.16.0/lib/node_modules/typescript/lib/typingSafeList.json', types map path /home/sewdohe/.nvm/versions/node/v16.16.0/lib/node_modules/typescript/lib/typesMap.json
[12:47:33.328] Processing cache location '/home/sewdohe/.cache/typescript/4.8'
[12:47:33.328] Trying to find '/home/sewdohe/.cache/typescript/4.8/package.json'...
[12:47:33.329] Loaded content of '/home/sewdohe/.cache/typescript/4.8/package.json': {"private":true,"dependencies":{"types-registry":"^0.1.613"},"devDependencies":{"@types/bootstrap":"^5.2.5","@types/node":"^18.7.17","@types/object-assign":"^4.0.30","@types/prop-types":"^15.7.5","@types/react":"^18.0.21","@types/react-dom":"^18.0.6","@types/react-helmet":"^6.1.5","@types/styled-components":"^5.1.26","@types/typography":"^0.16.4"}}
[12:47:33.329] Loaded content of '/home/sewdohe/.cache/typescript/4.8/package-lock.json'
[12:47:33.337] Adding entry into typings cache: 'bootstrap' => '/home/sewdohe/.cache/typescript/4.8/node_modules/@types/bootstrap/index.d.ts'
[12:47:33.341] Adding entry into typings cache: 'node' => '/home/sewdohe/.cache/typescript/4.8/node_modules/@types/node/index.d.ts'
[12:47:33.342] Adding entry into typings cache: 'object-assign' => '/home/sewdohe/.cache/typescript/4.8/node_modules/@types/object-assign/index.d.ts'
[12:47:33.343] Adding entry into typings cache: 'prop-types' => '/home/sewdohe/.cache/typescript/4.8/node_modules/@types/prop-types/index.d.ts'
[12:47:33.346] Adding entry into typings cache: 'react' => '/home/sewdohe/.cache/typescript/4.8/node_modules/@types/react/index.d.ts'
[12:47:33.348] Adding entry into typings cache: 'react-dom' => '/home/sewdohe/.cache/typescript/4.8/node_modules/@types/react-dom/index.d.ts'
[12:47:33.349] Adding entry into typings cache: 'react-helmet' => '/home/sewdohe/.cache/typescript/4.8/node_modules/@types/react-helmet/index.d.ts'
[12:47:33.350] Adding entry into typings cache: 'styled-components' => '/home/sewdohe/.cache/typescript/4.8/node_modules/@types/styled-components/index.d.ts'
[12:47:33.351] Adding entry into typings cache: 'typography' => '/home/sewdohe/.cache/typescript/4.8/node_modules/@types/typography/index.d.ts'
[12:47:33.351] Finished processing cache location '/home/sewdohe/.cache/typescript/4.8'
[12:47:33.351] Process id: 32180
[12:47:33.351] NPM location: /home/sewdohe/.nvm/versions/node/v16.16.0/bin/npm (explicit '--npmLocation' not  provided)
[12:47:33.351] validateDefaultNpmLocation: false
[12:47:33.351] Npm config file: /home/sewdohe/.cache/typescript/4.8/package.json
[12:47:33.351] Updating types-registry npm package...
[12:47:33.351] Exec: /home/sewdohe/.nvm/versions/node/v16.16.0/bin/npm install --ignore-scripts types-registry@latest
[12:47:34.034]     Succeeded. stdout:
    
    up to date, audited 17 packages in 499ms

1 package is looking for funding
  run `npm fund` for details

found 0 vulnerabilities

[12:47:34.034] Updated types-registry npm package
[13:20:05.393] Got install request {"projectName":"/dev/null/inferredProject1*","fileNames":["/home/sewdohe/.nvm/versions/node/v16.16.0/lib/node_modules/typescript/lib/lib.es5.d.ts","/home/sewdohe/.nvm/versions/node/v16.16.0/lib/node_modules/typescript/lib/lib.es2015.d.ts","/home/sewdohe/.nvm/versions/node/v16.16.0/lib/node_modules/typescript/lib/lib.es2016.d.ts","/home/sewdohe/.nvm/versions/node/v16.16.0/lib/node_modules/typescript/lib/lib.dom.d.ts","/home/sewdohe/.nvm/versions/node/v16.16.0/lib/node_modules/typescript/lib/lib.dom.iterable.d.ts","/home/sewdohe/.nvm/versions/node/v16.16.0/lib/node_modules/typescript/lib/lib.webworker.importscripts.d.ts","/home/sewdohe/.nvm/versions/node/v16.16.0/lib/node_modules/typescript/lib/lib.scripthost.d.ts","/home/sewdohe/.nvm/versions/node/v16.16.0/lib/node_modules/typescript/lib/lib.es2015.core.d.ts","/home/sewdohe/.nvm/versions/node/v16.16.0/lib/node_modules/typescript/lib/lib.es2015.collection.d.ts","/home/sewdohe/.nvm/versions/node/v16.16.0/lib/node_modules/typescript/lib/lib.es2015.generator.d.ts","/home/sewdohe/.nvm/versions/node/v16.16.0/lib/node_modules/typescript/lib/lib.es2015.iterable.d.ts","/home/sewdohe/.nvm/versions/node/v16.16.0/lib/node_modules/typescript/lib/lib.es2015.promise.d.ts","/home/sewdohe/.nvm/versions/node/v16.16.0/lib/node_modules/typescript/lib/lib.es2015.proxy.d.ts","/home/sewdohe/.nvm/versions/node/v16.16.0/lib/node_modules/typescript/lib/lib.es2015.reflect.d.ts","/home/sewdohe/.nvm/versions/node/v16.16.0/lib/node_modules/typescript/lib/lib.es2015.symbol.d.ts","/home/sewdohe/.nvm/versions/node/v16.16.0/lib/node_modules/typescript/lib/lib.es2015.symbol.wellknown.d.ts","/home/sewdohe/.nvm/versions/node/v16.16.0/lib/node_modules/typescript/lib/lib.es2016.array.include.d.ts","/home/sewdohe/.nvm/versions/node/v16.16.0/lib/node_modules/typescript/lib/lib.es2016.full.d.ts","/home/sewdohe/Code/DariiWholesales/src/components/VariantSelectorWrapper.jsx"],"compilerOptions":{"module":1,"target":3,"jsx":1,"allowJs":true,"allowSyntheticDefaultImports":true,"allowNonTsExtensions":true,"noEmitForJsFiles":true,"maxNodeModuleJsDepth":2},"typeAcquisition":{"enable":true,"include":[],"exclude":[]},"unresolvedImports":[],"projectRootPath":"/home/sewdohe/Code/DariiWholesales/src/components","kind":"discover"}
[13:20:05.403] Loaded safelist from types map file '/home/sewdohe/.nvm/versions/node/v16.16.0/lib/node_modules/typescript/lib/typesMap.json'
[13:20:05.404] Explicitly included types: []
[13:20:05.405] Inferred 'react' typings due to presence of '.jsx' extension
[13:20:05.405] Inferred typings from unresolved imports: []
[13:20:05.405] Result: {"cachedTypingPaths":["/home/sewdohe/.cache/typescript/4.8/node_modules/@types/react/index.d.ts"],"newTypingNames":[],"filesToWatch":["/home/sewdohe/Code/DariiWholesales/src/components/bower_components","/home/sewdohe/Code/DariiWholesales/src/components/node_modules"]}
[13:20:05.405] Finished typings discovery: {"cachedTypingPaths":["/home/sewdohe/.cache/typescript/4.8/node_modules/@types/react/index.d.ts"],"newTypingNames":[],"filesToWatch":["/home/sewdohe/Code/DariiWholesales/src/components/bower_components","/home/sewdohe/Code/DariiWholesales/src/components/node_modules"]}
[13:20:05.405] DirectoryWatcher:: Added:: WatchInfo: /home/sewdohe/Code/DariiWholesales/src/components/bower_components
[13:20:05.405] DirectoryWatcher:: Added:: WatchInfo: /home/sewdohe/Code/DariiWholesales/src/components/bower_components 1 undefined Project: /dev/null/inferredProject1* watcher already invoked: false
[13:20:05.407] Elapsed:: 1.110313999466598ms DirectoryWatcher:: Added:: WatchInfo: /home/sewdohe/Code/DariiWholesales/src/components/bower_components 1 undefined Project: /dev/null/inferredProject1* watcher already invoked: false
[13:20:05.407] DirectoryWatcher:: Added:: WatchInfo: /home/sewdohe/Code/DariiWholesales/src/components/node_modules
[13:20:05.407] DirectoryWatcher:: Added:: WatchInfo: /home/sewdohe/Code/DariiWholesales/src/components/node_modules 1 undefined Project: /dev/null/inferredProject1* watcher already invoked: false
[13:20:05.407] Elapsed:: 0.07978099957108498ms DirectoryWatcher:: Added:: WatchInfo: /home/sewdohe/Code/DariiWholesales/src/components/node_modules 1 undefined Project: /dev/null/inferredProject1* watcher already invoked: false
[13:20:05.407] Sending response:
    {"projectName":"/dev/null/inferredProject1*","typeAcquisition":{"enable":true,"include":[],"exclude":[]},"compilerOptions":{"module":1,"target":3,"jsx":1,"allowJs":true,"allowSyntheticDefaultImports":true,"allowNonTsExtensions":true,"noEmitForJsFiles":true,"maxNodeModuleJsDepth":2},"typings":["/home/sewdohe/.cache/typescript/4.8/node_modules/@types/react/index.d.ts"],"unresolvedImports":[],"kind":"action::set"}
[13:20:05.407] Response has been sent.
[13:20:05.407] No new typings were requested as a result of typings discovery
[13:20:06.065] Got install request {"projectName":"/dev/null/inferredProject1*","fileNames":["/home/sewdohe/.nvm/versions/node/v16.16.0/lib/node_modules/typescript/lib/lib.es5.d.ts","/home/sewdohe/.nvm/versions/node/v16.16.0/lib/node_modules/typescript/lib/lib.es2015.d.ts","/home/sewdohe/.nvm/versions/node/v16.16.0/lib/node_modules/typescript/lib/lib.es2016.d.ts","/home/sewdohe/.nvm/versions/node/v16.16.0/lib/node_modules/typescript/lib/lib.dom.d.ts","/home/sewdohe/.nvm/versions/node/v16.16.0/lib/node_modules/typescript/lib/lib.dom.iterable.d.ts","/home/sewdohe/.nvm/versions/node/v16.16.0/lib/node_modules/typescript/lib/lib.webworker.importscripts.d.ts","/home/sewdohe/.nvm/versions/node/v16.16.0/lib/node_modules/typescript/lib/lib.scripthost.d.ts","/home/sewdohe/.nvm/versions/node/v16.16.0/lib/node_modules/typescript/lib/lib.es2015.core.d.ts","/home/sewdohe/.nvm/versions/node/v16.16.0/lib/node_modules/typescript/lib/lib.es2015.collection.d.ts","/home/sewdohe/.nvm/versions/node/v16.16.0/lib/node_modules/typescript/lib/lib.es2015.generator.d.ts","/home/sewdohe/.nvm/versions/node/v16.16.0/lib/node_modules/typescript/lib/lib.es2015.iterable.d.ts","/home/sewdohe/.nvm/versions/node/v16.16.0/lib/node_modules/typescript/lib/lib.es2015.promise.d.ts","/home/sewdohe/.nvm/versions/node/v16.16.0/lib/node_modules/typescript/lib/lib.es2015.proxy.d.ts","/home/sewdohe/.nvm/versions/node/v16.16.0/lib/node_modules/typescript/lib/lib.es2015.reflect.d.ts","/home/sewdohe/.nvm/versions/node/v16.16.0/lib/node_modules/typescript/lib/lib.es2015.symbol.d.ts","/home/sewdohe/.nvm/versions/node/v16.16.0/lib/node_modules/typescript/lib/lib.es2015.symbol.wellknown.d.ts","/home/sewdohe/.nvm/versions/node/v16.16.0/lib/node_modules/typescript/lib/lib.es2016.array.include.d.ts","/home/sewdohe/.nvm/versions/node/v16.16.0/lib/node_modules/typescript/lib/lib.es2016.full.d.ts","/home/sewdohe/Code/DariiWholesales/src/components/VariantSelectorWrapper.jsx","/home/sewdohe/.cache/typescript/4.8/node_modules/@types/react/global.d.ts","/home/sewdohe/.cache/typescript/4.8/node_modules/@types/react/index.d.ts"],"compilerOptions":{"module":1,"target":3,"jsx":1,"allowJs":true,"allowSyntheticDefaultImports":true,"allowNonTsExtensions":true,"noEmitForJsFiles":true,"maxNodeModuleJsDepth":2},"typeAcquisition":{"enable":true,"include":[],"exclude":[]},"unresolvedImports":[],"projectRootPath":"/home/sewdohe/Code/DariiWholesales/src/components","kind":"discover"}
[13:20:06.065] Explicitly included types: []
[13:20:06.065] Inferred 'react' typings due to presence of '.jsx' extension
[13:20:06.065] Inferred typings from unresolved imports: []
[13:20:06.065] Result: {"cachedTypingPaths":["/home/sewdohe/.cache/typescript/4.8/node_modules/@types/react/index.d.ts"],"newTypingNames":[],"filesToWatch":["/home/sewdohe/Code/DariiWholesales/src/components/bower_components","/home/sewdohe/Code/DariiWholesales/src/components/node_modules"]}
[13:20:06.065] Finished typings discovery: {"cachedTypingPaths":["/home/sewdohe/.cache/typescript/4.8/node_modules/@types/react/index.d.ts"],"newTypingNames":[],"filesToWatch":["/home/sewdohe/Code/DariiWholesales/src/components/bower_components","/home/sewdohe/Code/DariiWholesales/src/components/node_modules"]}
[13:20:06.065] Sending response:
    {"projectName":"/dev/null/inferredProject1*","typeAcquisition":{"enable":true,"include":[],"exclude":[]},"compilerOptions":{"module":1,"target":3,"jsx":1,"allowJs":true,"allowSyntheticDefaultImports":true,"allowNonTsExtensions":true,"noEmitForJsFiles":true,"maxNodeModuleJsDepth":2},"typings":["/home/sewdohe/.cache/typescript/4.8/node_modules/@types/react/index.d.ts"],"unresolvedImports":[],"kind":"action::set"}
[13:20:06.065] Response has been sent.
[13:20:06.065] No new typings were requested as a result of typings discovery
