[19:51:40.350] Global cache location '/home/sewdohe/.cache/typescript/4.8', safe file path '/home/sewdohe/.nvm/versions/node/v16.16.0/lib/node_modules/typescript/lib/typingSafeList.json', types map path /home/sewdohe/.nvm/versions/node/v16.16.0/lib/node_modules/typescript/lib/typesMap.json
[19:51:40.350] Processing cache location '/home/sewdohe/.cache/typescript/4.8'
[19:51:40.351] Trying to find '/home/sewdohe/.cache/typescript/4.8/package.json'...
[19:51:40.356] Loaded content of '/home/sewdohe/.cache/typescript/4.8/package.json': {"private":true,"dependencies":{"types-registry":"^0.1.614"},"devDependencies":{"@types/bootstrap":"^5.2.5","@types/eslint":"^8.4.6","@types/gray-percentage":"^2.0.0","@types/node":"^18.7.17","@types/object-assign":"^4.0.30","@types/prop-types":"^15.7.5","@types/react":"^18.0.21","@types/react-dom":"^18.0.6","@types/react-helmet":"^6.1.5","@types/styled-components":"^5.1.26","@types/typography":"^0.16.4","@types/typography-breakpoint-constants":"^0.16.0"}}
[19:51:40.356] Loaded content of '/home/sewdohe/.cache/typescript/4.8/package-lock.json'
[19:51:40.367] Adding entry into typings cache: 'bootstrap' => '/home/sewdohe/.cache/typescript/4.8/node_modules/@types/bootstrap/index.d.ts'
[19:51:40.371] Adding entry into typings cache: 'eslint' => '/home/sewdohe/.cache/typescript/4.8/node_modules/@types/eslint/index.d.ts'
[19:51:40.372] Adding entry into typings cache: 'gray-percentage' => '/home/sewdohe/.cache/typescript/4.8/node_modules/@types/gray-percentage/index.d.ts'
[19:51:40.380] Adding entry into typings cache: 'node' => '/home/sewdohe/.cache/typescript/4.8/node_modules/@types/node/index.d.ts'
[19:51:40.383] Adding entry into typings cache: 'object-assign' => '/home/sewdohe/.cache/typescript/4.8/node_modules/@types/object-assign/index.d.ts'
[19:51:40.386] Adding entry into typings cache: 'prop-types' => '/home/sewdohe/.cache/typescript/4.8/node_modules/@types/prop-types/index.d.ts'
[19:51:40.393] Adding entry into typings cache: 'react' => '/home/sewdohe/.cache/typescript/4.8/node_modules/@types/react/index.d.ts'
[19:51:40.395] Adding entry into typings cache: 'react-dom' => '/home/sewdohe/.cache/typescript/4.8/node_modules/@types/react-dom/index.d.ts'
[19:51:40.396] Adding entry into typings cache: 'react-helmet' => '/home/sewdohe/.cache/typescript/4.8/node_modules/@types/react-helmet/index.d.ts'
[19:51:40.398] Adding entry into typings cache: 'styled-components' => '/home/sewdohe/.cache/typescript/4.8/node_modules/@types/styled-components/index.d.ts'
[19:51:40.399] Adding entry into typings cache: 'typography' => '/home/sewdohe/.cache/typescript/4.8/node_modules/@types/typography/index.d.ts'
[19:51:40.401] Adding entry into typings cache: 'typography-breakpoint-constants' => '/home/sewdohe/.cache/typescript/4.8/node_modules/@types/typography-breakpoint-constants/index.d.ts'
[19:51:40.401] Finished processing cache location '/home/sewdohe/.cache/typescript/4.8'
[19:51:40.401] Process id: 4247
[19:51:40.401] NPM location: /home/sewdohe/.nvm/versions/node/v16.16.0/bin/npm (explicit '--npmLocation' not  provided)
[19:51:40.401] validateDefaultNpmLocation: false
[19:51:40.401] Npm config file: /home/sewdohe/.cache/typescript/4.8/package.json
[19:51:40.401] Updating types-registry npm package...
[19:51:40.401] Exec: /home/sewdohe/.nvm/versions/node/v16.16.0/bin/npm install --ignore-scripts types-registry@latest
[19:51:41.409]     Succeeded. stdout:
    
    up to date, audited 22 packages in 587ms

1 package is looking for funding
  run `npm fund` for details

found 0 vulnerabilities

[19:51:41.409] Updated types-registry npm package
[20:08:38.273] Got install request {"projectName":"/dev/null/inferredProject1*","fileNames":["/home/sewdohe/.nvm/versions/node/v16.16.0/lib/node_modules/typescript/lib/lib.es5.d.ts","/home/sewdohe/.nvm/versions/node/v16.16.0/lib/node_modules/typescript/lib/lib.es2015.d.ts","/home/sewdohe/.nvm/versions/node/v16.16.0/lib/node_modules/typescript/lib/lib.es2016.d.ts","/home/sewdohe/.nvm/versions/node/v16.16.0/lib/node_modules/typescript/lib/lib.dom.d.ts","/home/sewdohe/.nvm/versions/node/v16.16.0/lib/node_modules/typescript/lib/lib.dom.iterable.d.ts","/home/sewdohe/.nvm/versions/node/v16.16.0/lib/node_modules/typescript/lib/lib.webworker.importscripts.d.ts","/home/sewdohe/.nvm/versions/node/v16.16.0/lib/node_modules/typescript/lib/lib.scripthost.d.ts","/home/sewdohe/.nvm/versions/node/v16.16.0/lib/node_modules/typescript/lib/lib.es2015.core.d.ts","/home/sewdohe/.nvm/versions/node/v16.16.0/lib/node_modules/typescript/lib/lib.es2015.collection.d.ts","/home/sewdohe/.nvm/versions/node/v16.16.0/lib/node_modules/typescript/lib/lib.es2015.generator.d.ts","/home/sewdohe/.nvm/versions/node/v16.16.0/lib/node_modules/typescript/lib/lib.es2015.iterable.d.ts","/home/sewdohe/.nvm/versions/node/v16.16.0/lib/node_modules/typescript/lib/lib.es2015.promise.d.ts","/home/sewdohe/.nvm/versions/node/v16.16.0/lib/node_modules/typescript/lib/lib.es2015.proxy.d.ts","/home/sewdohe/.nvm/versions/node/v16.16.0/lib/node_modules/typescript/lib/lib.es2015.reflect.d.ts","/home/sewdohe/.nvm/versions/node/v16.16.0/lib/node_modules/typescript/lib/lib.es2015.symbol.d.ts","/home/sewdohe/.nvm/versions/node/v16.16.0/lib/node_modules/typescript/lib/lib.es2015.symbol.wellknown.d.ts","/home/sewdohe/.nvm/versions/node/v16.16.0/lib/node_modules/typescript/lib/lib.es2016.array.include.d.ts","/home/sewdohe/.nvm/versions/node/v16.16.0/lib/node_modules/typescript/lib/lib.es2016.full.d.ts","/home/sewdohe/Code/DariiWholesales/src/styles/nextUITheme.js"],"compilerOptions":{"module":1,"target":3,"jsx":1,"allowJs":true,"allowSyntheticDefaultImports":true,"allowNonTsExtensions":true,"noEmitForJsFiles":true,"maxNodeModuleJsDepth":2},"typeAcquisition":{"enable":true,"include":[],"exclude":[]},"unresolvedImports":[],"projectRootPath":"/home/sewdohe/Code/DariiWholesales/src/styles","kind":"discover"}
[20:08:38.287] Loaded safelist from types map file '/home/sewdohe/.nvm/versions/node/v16.16.0/lib/node_modules/typescript/lib/typesMap.json'
[20:08:38.288] Explicitly included types: []
[20:08:38.288] Inferred typings from unresolved imports: []
[20:08:38.288] Result: {"cachedTypingPaths":[],"newTypingNames":[],"filesToWatch":["/home/sewdohe/Code/DariiWholesales/src/styles/bower_components","/home/sewdohe/Code/DariiWholesales/src/styles/node_modules"]}
[20:08:38.288] Finished typings discovery: {"cachedTypingPaths":[],"newTypingNames":[],"filesToWatch":["/home/sewdohe/Code/DariiWholesales/src/styles/bower_components","/home/sewdohe/Code/DariiWholesales/src/styles/node_modules"]}
[20:08:38.288] DirectoryWatcher:: Added:: WatchInfo: /home/sewdohe/Code/DariiWholesales/src/styles/bower_components
[20:08:38.289] DirectoryWatcher:: Added:: WatchInfo: /home/sewdohe/Code/DariiWholesales/src/styles/bower_components 1 undefined Project: /dev/null/inferredProject1* watcher already invoked: false
[20:08:38.290] Elapsed:: 1.185960000148043ms DirectoryWatcher:: Added:: WatchInfo: /home/sewdohe/Code/DariiWholesales/src/styles/bower_components 1 undefined Project: /dev/null/inferredProject1* watcher already invoked: false
[20:08:38.290] DirectoryWatcher:: Added:: WatchInfo: /home/sewdohe/Code/DariiWholesales/src/styles/node_modules
[20:08:38.290] DirectoryWatcher:: Added:: WatchInfo: /home/sewdohe/Code/DariiWholesales/src/styles/node_modules 1 undefined Project: /dev/null/inferredProject1* watcher already invoked: false
[20:08:38.290] Elapsed:: 0.06946899998001754ms DirectoryWatcher:: Added:: WatchInfo: /home/sewdohe/Code/DariiWholesales/src/styles/node_modules 1 undefined Project: /dev/null/inferredProject1* watcher already invoked: false
[20:08:38.290] Sending response:
    {"projectName":"/dev/null/inferredProject1*","typeAcquisition":{"enable":true,"include":[],"exclude":[]},"compilerOptions":{"module":1,"target":3,"jsx":1,"allowJs":true,"allowSyntheticDefaultImports":true,"allowNonTsExtensions":true,"noEmitForJsFiles":true,"maxNodeModuleJsDepth":2},"typings":[],"unresolvedImports":[],"kind":"action::set"}
[20:08:38.291] Response has been sent.
[20:08:38.291] No new typings were requested as a result of typings discovery
