[18:32:24.500] Global cache location '/home/sewdohe/.cache/typescript/4.8', safe file path '/home/sewdohe/.nvm/versions/node/v16.16.0/lib/node_modules/typescript/lib/typingSafeList.json', types map path /home/sewdohe/.nvm/versions/node/v16.16.0/lib/node_modules/typescript/lib/typesMap.json
[18:32:24.501] Processing cache location '/home/sewdohe/.cache/typescript/4.8'
[18:32:24.501] Trying to find '/home/sewdohe/.cache/typescript/4.8/package.json'...
[18:32:24.503] Loaded content of '/home/sewdohe/.cache/typescript/4.8/package.json': {"private":true,"dependencies":{"types-registry":"^0.1.613"},"devDependencies":{"@types/bootstrap":"^5.2.5","@types/eslint":"^8.4.6","@types/gray-percentage":"^2.0.0","@types/node":"^18.7.17","@types/object-assign":"^4.0.30","@types/prop-types":"^15.7.5","@types/react":"^18.0.21","@types/react-dom":"^18.0.6","@types/react-helmet":"^6.1.5","@types/styled-components":"^5.1.26","@types/typography":"^0.16.4","@types/typography-breakpoint-constants":"^0.16.0"}}
[18:32:24.503] Loaded content of '/home/sewdohe/.cache/typescript/4.8/package-lock.json'
[18:32:24.512] Adding entry into typings cache: 'bootstrap' => '/home/sewdohe/.cache/typescript/4.8/node_modules/@types/bootstrap/index.d.ts'
[18:32:24.514] Adding entry into typings cache: 'eslint' => '/home/sewdohe/.cache/typescript/4.8/node_modules/@types/eslint/index.d.ts'
[18:32:24.515] Adding entry into typings cache: 'gray-percentage' => '/home/sewdohe/.cache/typescript/4.8/node_modules/@types/gray-percentage/index.d.ts'
[18:32:24.520] Adding entry into typings cache: 'node' => '/home/sewdohe/.cache/typescript/4.8/node_modules/@types/node/index.d.ts'
[18:32:24.521] Adding entry into typings cache: 'object-assign' => '/home/sewdohe/.cache/typescript/4.8/node_modules/@types/object-assign/index.d.ts'
[18:32:24.523] Adding entry into typings cache: 'prop-types' => '/home/sewdohe/.cache/typescript/4.8/node_modules/@types/prop-types/index.d.ts'
[18:32:24.526] Adding entry into typings cache: 'react' => '/home/sewdohe/.cache/typescript/4.8/node_modules/@types/react/index.d.ts'
[18:32:24.528] Adding entry into typings cache: 'react-dom' => '/home/sewdohe/.cache/typescript/4.8/node_modules/@types/react-dom/index.d.ts'
[18:32:24.530] Adding entry into typings cache: 'react-helmet' => '/home/sewdohe/.cache/typescript/4.8/node_modules/@types/react-helmet/index.d.ts'
[18:32:24.531] Adding entry into typings cache: 'styled-components' => '/home/sewdohe/.cache/typescript/4.8/node_modules/@types/styled-components/index.d.ts'
[18:32:24.532] Adding entry into typings cache: 'typography' => '/home/sewdohe/.cache/typescript/4.8/node_modules/@types/typography/index.d.ts'
[18:32:24.533] Adding entry into typings cache: 'typography-breakpoint-constants' => '/home/sewdohe/.cache/typescript/4.8/node_modules/@types/typography-breakpoint-constants/index.d.ts'
[18:32:24.533] Finished processing cache location '/home/sewdohe/.cache/typescript/4.8'
[18:32:24.533] Process id: 51239
[18:32:24.533] NPM location: /home/sewdohe/.nvm/versions/node/v16.16.0/bin/npm (explicit '--npmLocation' not  provided)
[18:32:24.533] validateDefaultNpmLocation: false
[18:32:24.533] Npm config file: /home/sewdohe/.cache/typescript/4.8/package.json
[18:32:24.533] Updating types-registry npm package...
[18:32:24.533] Exec: /home/sewdohe/.nvm/versions/node/v16.16.0/bin/npm install --ignore-scripts types-registry@latest
[18:32:25.269]     Succeeded. stdout:
    
    up to date, audited 22 packages in 564ms

1 package is looking for funding
  run `npm fund` for details

found 0 vulnerabilities

[18:32:25.269] Updated types-registry npm package
[18:32:34.205] Got install request {"projectName":"/dev/null/inferredProject1*","fileNames":["/home/sewdohe/.nvm/versions/node/v16.16.0/lib/node_modules/typescript/lib/lib.es5.d.ts","/home/sewdohe/.nvm/versions/node/v16.16.0/lib/node_modules/typescript/lib/lib.es2015.d.ts","/home/sewdohe/.nvm/versions/node/v16.16.0/lib/node_modules/typescript/lib/lib.es2016.d.ts","/home/sewdohe/.nvm/versions/node/v16.16.0/lib/node_modules/typescript/lib/lib.dom.d.ts","/home/sewdohe/.nvm/versions/node/v16.16.0/lib/node_modules/typescript/lib/lib.dom.iterable.d.ts","/home/sewdohe/.nvm/versions/node/v16.16.0/lib/node_modules/typescript/lib/lib.webworker.importscripts.d.ts","/home/sewdohe/.nvm/versions/node/v16.16.0/lib/node_modules/typescript/lib/lib.scripthost.d.ts","/home/sewdohe/.nvm/versions/node/v16.16.0/lib/node_modules/typescript/lib/lib.es2015.core.d.ts","/home/sewdohe/.nvm/versions/node/v16.16.0/lib/node_modules/typescript/lib/lib.es2015.collection.d.ts","/home/sewdohe/.nvm/versions/node/v16.16.0/lib/node_modules/typescript/lib/lib.es2015.generator.d.ts","/home/sewdohe/.nvm/versions/node/v16.16.0/lib/node_modules/typescript/lib/lib.es2015.iterable.d.ts","/home/sewdohe/.nvm/versions/node/v16.16.0/lib/node_modules/typescript/lib/lib.es2015.promise.d.ts","/home/sewdohe/.nvm/versions/node/v16.16.0/lib/node_modules/typescript/lib/lib.es2015.proxy.d.ts","/home/sewdohe/.nvm/versions/node/v16.16.0/lib/node_modules/typescript/lib/lib.es2015.reflect.d.ts","/home/sewdohe/.nvm/versions/node/v16.16.0/lib/node_modules/typescript/lib/lib.es2015.symbol.d.ts","/home/sewdohe/.nvm/versions/node/v16.16.0/lib/node_modules/typescript/lib/lib.es2015.symbol.wellknown.d.ts","/home/sewdohe/.nvm/versions/node/v16.16.0/lib/node_modules/typescript/lib/lib.es2016.array.include.d.ts","/home/sewdohe/.nvm/versions/node/v16.16.0/lib/node_modules/typescript/lib/lib.es2016.full.d.ts","/home/sewdohe/Code/DariiWholesales/src/components/firebase/config.js","/home/sewdohe/Code/DariiWholesales/src/components/firebase/firebase.js","/home/sewdohe/Code/DariiWholesales/src/components/firebase/auth.js"],"compilerOptions":{"module":1,"target":3,"jsx":1,"allowJs":true,"allowSyntheticDefaultImports":true,"allowNonTsExtensions":true,"noEmitForJsFiles":true,"maxNodeModuleJsDepth":2},"typeAcquisition":{"enable":true,"include":[],"exclude":[]},"unresolvedImports":[],"projectRootPath":"/home/sewdohe/Code/DariiWholesales/src/components/firebase","kind":"discover"}
[18:32:34.215] Loaded safelist from types map file '/home/sewdohe/.nvm/versions/node/v16.16.0/lib/node_modules/typescript/lib/typesMap.json'
[18:32:34.215] Explicitly included types: []
[18:32:34.215] Inferred typings from unresolved imports: []
[18:32:34.215] Result: {"cachedTypingPaths":[],"newTypingNames":[],"filesToWatch":["/home/sewdohe/Code/DariiWholesales/src/components/firebase/bower_components","/home/sewdohe/Code/DariiWholesales/src/components/firebase/node_modules"]}
[18:32:34.215] Finished typings discovery: {"cachedTypingPaths":[],"newTypingNames":[],"filesToWatch":["/home/sewdohe/Code/DariiWholesales/src/components/firebase/bower_components","/home/sewdohe/Code/DariiWholesales/src/components/firebase/node_modules"]}
[18:32:34.216] DirectoryWatcher:: Added:: WatchInfo: /home/sewdohe/Code/DariiWholesales/src/components/firebase/bower_components
[18:32:34.216] DirectoryWatcher:: Added:: WatchInfo: /home/sewdohe/Code/DariiWholesales/src/components/firebase/bower_components 1 undefined Project: /dev/null/inferredProject1* watcher already invoked: false
[18:32:34.217] Elapsed:: 1.0108789997175336ms DirectoryWatcher:: Added:: WatchInfo: /home/sewdohe/Code/DariiWholesales/src/components/firebase/bower_components 1 undefined Project: /dev/null/inferredProject1* watcher already invoked: false
[18:32:34.217] DirectoryWatcher:: Added:: WatchInfo: /home/sewdohe/Code/DariiWholesales/src/components/firebase/node_modules
[18:32:34.217] DirectoryWatcher:: Added:: WatchInfo: /home/sewdohe/Code/DariiWholesales/src/components/firebase/node_modules 1 undefined Project: /dev/null/inferredProject1* watcher already invoked: false
[18:32:34.217] Elapsed:: 0.07778399996459484ms DirectoryWatcher:: Added:: WatchInfo: /home/sewdohe/Code/DariiWholesales/src/components/firebase/node_modules 1 undefined Project: /dev/null/inferredProject1* watcher already invoked: false
[18:32:34.217] Sending response:
    {"projectName":"/dev/null/inferredProject1*","typeAcquisition":{"enable":true,"include":[],"exclude":[]},"compilerOptions":{"module":1,"target":3,"jsx":1,"allowJs":true,"allowSyntheticDefaultImports":true,"allowNonTsExtensions":true,"noEmitForJsFiles":true,"maxNodeModuleJsDepth":2},"typings":[],"unresolvedImports":[],"kind":"action::set"}
[18:32:34.218] Response has been sent.
[18:32:34.218] No new typings were requested as a result of typings discovery
[18:32:43.005] Got install request {"projectName":"/dev/null/inferredProject1*","fileNames":["/home/sewdohe/.nvm/versions/node/v16.16.0/lib/node_modules/typescript/lib/lib.es5.d.ts","/home/sewdohe/.nvm/versions/node/v16.16.0/lib/node_modules/typescript/lib/lib.es2015.d.ts","/home/sewdohe/.nvm/versions/node/v16.16.0/lib/node_modules/typescript/lib/lib.es2016.d.ts","/home/sewdohe/.nvm/versions/node/v16.16.0/lib/node_modules/typescript/lib/lib.dom.d.ts","/home/sewdohe/.nvm/versions/node/v16.16.0/lib/node_modules/typescript/lib/lib.dom.iterable.d.ts","/home/sewdohe/.nvm/versions/node/v16.16.0/lib/node_modules/typescript/lib/lib.webworker.importscripts.d.ts","/home/sewdohe/.nvm/versions/node/v16.16.0/lib/node_modules/typescript/lib/lib.scripthost.d.ts","/home/sewdohe/.nvm/versions/node/v16.16.0/lib/node_modules/typescript/lib/lib.es2015.core.d.ts","/home/sewdohe/.nvm/versions/node/v16.16.0/lib/node_modules/typescript/lib/lib.es2015.collection.d.ts","/home/sewdohe/.nvm/versions/node/v16.16.0/lib/node_modules/typescript/lib/lib.es2015.generator.d.ts","/home/sewdohe/.nvm/versions/node/v16.16.0/lib/node_modules/typescript/lib/lib.es2015.iterable.d.ts","/home/sewdohe/.nvm/versions/node/v16.16.0/lib/node_modules/typescript/lib/lib.es2015.promise.d.ts","/home/sewdohe/.nvm/versions/node/v16.16.0/lib/node_modules/typescript/lib/lib.es2015.proxy.d.ts","/home/sewdohe/.nvm/versions/node/v16.16.0/lib/node_modules/typescript/lib/lib.es2015.reflect.d.ts","/home/sewdohe/.nvm/versions/node/v16.16.0/lib/node_modules/typescript/lib/lib.es2015.symbol.d.ts","/home/sewdohe/.nvm/versions/node/v16.16.0/lib/node_modules/typescript/lib/lib.es2015.symbol.wellknown.d.ts","/home/sewdohe/.nvm/versions/node/v16.16.0/lib/node_modules/typescript/lib/lib.es2016.array.include.d.ts","/home/sewdohe/.nvm/versions/node/v16.16.0/lib/node_modules/typescript/lib/lib.es2016.full.d.ts","/home/sewdohe/Code/DariiWholesales/src/components/firebase/config.js","/home/sewdohe/Code/DariiWholesales/src/components/firebase/firebase.js","/home/sewdohe/Code/DariiWholesales/src/components/firebase/loadFirebaseDeps.js","/home/sewdohe/Code/DariiWholesales/src/components/firebase/auth.js"],"compilerOptions":{"module":1,"target":3,"jsx":1,"allowJs":true,"allowSyntheticDefaultImports":true,"allowNonTsExtensions":true,"noEmitForJsFiles":true,"maxNodeModuleJsDepth":2},"typeAcquisition":{"enable":true,"include":[],"exclude":[]},"unresolvedImports":[],"projectRootPath":"/home/sewdohe/Code/DariiWholesales/src/components/firebase","kind":"discover"}
[18:32:43.005] Explicitly included types: []
[18:32:43.005] Inferred typings from unresolved imports: []
[18:32:43.005] Result: {"cachedTypingPaths":[],"newTypingNames":[],"filesToWatch":["/home/sewdohe/Code/DariiWholesales/src/components/firebase/bower_components","/home/sewdohe/Code/DariiWholesales/src/components/firebase/node_modules"]}
[18:32:43.005] Finished typings discovery: {"cachedTypingPaths":[],"newTypingNames":[],"filesToWatch":["/home/sewdohe/Code/DariiWholesales/src/components/firebase/bower_components","/home/sewdohe/Code/DariiWholesales/src/components/firebase/node_modules"]}
[18:32:43.005] Sending response:
    {"projectName":"/dev/null/inferredProject1*","typeAcquisition":{"enable":true,"include":[],"exclude":[]},"compilerOptions":{"module":1,"target":3,"jsx":1,"allowJs":true,"allowSyntheticDefaultImports":true,"allowNonTsExtensions":true,"noEmitForJsFiles":true,"maxNodeModuleJsDepth":2},"typings":[],"unresolvedImports":[],"kind":"action::set"}
[18:32:43.005] Response has been sent.
[18:32:43.005] No new typings were requested as a result of typings discovery
