Info 0    [22:09:59.114] Starting TS Server
Info 1    [22:09:59.115] Version: 4.8.2
Info 2    [22:09:59.119] Arguments: /home/sewdohe/.nvm/versions/node/v16.16.0/bin/node /home/sewdohe/.nvm/versions/node/v16.16.0/lib/node_modules/typescript/lib/tsserver.js --logFile /home/sewdohe/Code/DariiWholesales/.log/tsserver.log --logVerbosity info --cancellationPipeName /tmp/7547a0554e5434391ebafb61e3693551/tscancellation*
Info 3    [22:09:59.119] Platform: linux NodeVersion: 16 CaseSensitive: true
Info 4    [22:09:59.119] ServerMode: undefined syntaxOnly: false hasUnknownServerMode: undefined
Info 5    [22:09:59.133] Format host information updated
Info 6    [22:09:59.147] Search path: /home/sewdohe/Code/DariiWholesales/src/components
Info 7    [22:09:59.148] For info: /home/sewdohe/Code/DariiWholesales/src/components/AuthContext.js :: Config file name: /home/sewdohe/Code/DariiWholesales/tsconfig.json
Info 8    [22:09:59.148] Creating configuration project /home/sewdohe/Code/DariiWholesales/tsconfig.json
Info 9    [22:09:59.178] Config: /home/sewdohe/Code/DariiWholesales/tsconfig.json : {
 "rootNames": [
  "/home/sewdohe/Code/DariiWholesales/src/@types/cart.ts",
  "/home/sewdohe/Code/DariiWholesales/src/@types/product.ts",
  "/home/sewdohe/Code/DariiWholesales/src/@types/theme.ts",
  "/home/sewdohe/Code/DariiWholesales/src/components/CategorySidebar.tsx",
  "/home/sewdohe/Code/DariiWholesales/src/components/Layout.tsx",
  "/home/sewdohe/Code/DariiWholesales/src/components/Nav.tsx",
  "/home/sewdohe/Code/DariiWholesales/src/components/NextCart.tsx",
  "/home/sewdohe/Code/DariiWholesales/src/components/ProductCard.tsx",
  "/home/sewdohe/Code/DariiWholesales/src/contexts/CartContext.tsx",
  "/home/sewdohe/Code/DariiWholesales/src/contexts/themeContext.tsx",
  "/home/sewdohe/Code/DariiWholesales/src/pages/404.tsx",
  "/home/sewdohe/Code/DariiWholesales/src/pages/cart.tsx",
  "/home/sewdohe/Code/DariiWholesales/src/pages/index.tsx",
  "/home/sewdohe/Code/DariiWholesales/src/pages/login.tsx",
  "/home/sewdohe/Code/DariiWholesales/src/pages/register.tsx",
  "/home/sewdohe/Code/DariiWholesales/src/pages/shop.tsx",
  "/home/sewdohe/Code/DariiWholesales/src/pages/wcProducts/{wcProducts.slug}.tsx",
  "/home/sewdohe/Code/DariiWholesales/src/pages/wcProductsCategories/{wcProductsCategories.slug}.tsx",
  "/home/sewdohe/Code/DariiWholesales/src/providers/CartProdiver.tsx",
  "/home/sewdohe/Code/DariiWholesales/src/queries/getItems.ts"
 ],
 "options": {
  "target": 99,
  "lib": [
   "lib.dom.d.ts",
   "lib.esnext.d.ts"
  ],
  "jsx": 2,
  "experimentalDecorators": true,
  "module": 99,
  "rootDir": "/home/sewdohe/Code/DariiWholesales",
  "moduleResolution": 2,
  "baseUrl": "/",
  "esModuleInterop": true,
  "forceConsistentCasingInFileNames": true,
  "strict": true,
  "skipLibCheck": true,
  "configFilePath": "/home/sewdohe/Code/DariiWholesales/tsconfig.json"
 }
}
Info 10   [22:09:59.272] Starting updateGraphWorker: Project: /home/sewdohe/Code/DariiWholesales/tsconfig.json
Info 11   [22:10:09.459] Finishing updateGraphWorker: Project: /home/sewdohe/Code/DariiWholesales/tsconfig.json Version: 1 structureChanged: true structureIsReused:: Not Elapsed: 10187.244247999974ms
Info 12   [22:10:09.459] Project '/home/sewdohe/Code/DariiWholesales/tsconfig.json' (Configured)
Info 13   [22:10:09.459] 	Files (1532)

Info 14   [22:10:09.459] -----------------------------------------------
Info 15   [22:10:09.472] Starting updateGraphWorker: Project: /dev/null/inferredProject1*
Info 16   [22:10:11.178] Finishing updateGraphWorker: Project: /dev/null/inferredProject1* Version: 1 structureChanged: true structureIsReused:: Not Elapsed: 1706.3132580001839ms
Info 17   [22:10:11.179] Project '/dev/null/inferredProject1*' (Inferred)
Info 18   [22:10:11.179] 	Files (260)

Info 19   [22:10:11.179] -----------------------------------------------
Info 20   [22:10:11.197] AutoImportProviderProject: attempted to add more than 10 dependencies. Aborting.
